# JRE version: Java(TM) SE Runtime Environment (8.0_121-b13) (build 1.8.0_121-b13)
# Java VM: Java HotSpot(TM) 64-Bit Server VM (25.121-b13 mixed mode linux-amd64 compressed oops)
Heap:
 PSYoungGen      total 465920K, used 31219K [0x00000000d8100000, 0x00000000f8800000, 0x0000000100000000)
  eden space 434688K, 0% used [0x00000000d8100000,0x00000000d8100000,0x00000000f2980000)
  from space 31232K, 99% used [0x00000000f2980000,0x00000000f47fccd0,0x00000000f4800000)
  to   space 15872K, 0% used [0x00000000f4800000,0x00000000f4800000,0x00000000f5780000)
 ParOldGen       total 151552K, used 113125K [0x0000000088200000, 0x0000000091600000, 0x00000000d8100000)
  object space 151552K, 74% used [0x0000000088200000,0x000000008f079458,0x0000000091600000)
 Metaspace       used 30306K, capacity 31130K, committed 31488K, reserved 1077248K
  class space    used 3528K, capacity 3789K, committed 3840K, reserved 1048576K
GC Heap History (10 events):
Event: 10.629 GC heap after
Heap after GC invocations=8 (full 1):
 PSYoungGen      total 257536K, used 8027K [0x00000000d8100000, 0x00000000ee000000, 0x0000000100000000)
  eden space 241664K, 0% used [0x00000000d8100000,0x00000000d8100000,0x00000000e6d00000)
  from space 15872K, 50% used [0x00000000e6d00000,0x00000000e74d6d30,0x00000000e7c80000)
  to   space 15360K, 0% used [0x00000000ed100000,0x00000000ed100000,0x00000000ee000000)
 ParOldGen       total 72192K, used 20231K [0x0000000088200000, 0x000000008c880000, 0x00000000d8100000)
  object space 72192K, 28% used [0x0000000088200000,0x00000000895c1fc8,0x000000008c880000)
 Metaspace       used 24998K, capacity 25616K, committed 25984K, reserved 1073152K
  class space    used 2900K, capacity 3112K, committed 3200K, reserved 1048576K
}
Event: 11.611 GC heap before
{Heap before GC invocations=9 (full 1):
 PSYoungGen      total 257536K, used 249691K [0x00000000d8100000, 0x00000000ee000000, 0x0000000100000000)
  eden space 241664K, 100% used [0x00000000d8100000,0x00000000e6d00000,0x00000000e6d00000)
  from space 15872K, 50% used [0x00000000e6d00000,0x00000000e74d6d30,0x00000000e7c80000)
  to   space 15360K, 0% used [0x00000000ed100000,0x00000000ed100000,0x00000000ee000000)
 ParOldGen       total 72192K, used 20231K [0x0000000088200000, 0x000000008c880000, 0x00000000d8100000)
  object space 72192K, 28% used [0x0000000088200000,0x00000000895c1fc8,0x000000008c880000)
 Metaspace       used 25071K, capacity 25744K, committed 25984K, reserved 1073152K
  class space    used 2900K, capacity 3112K, committed 3200K, reserved 1048576K
Event: 11.641 GC heap after
Heap after GC invocations=9 (full 1):
 PSYoungGen      total 344064K, used 10411K [0x00000000d8100000, 0x00000000f2080000, 0x0000000100000000)
  eden space 328704K, 0% used [0x00000000d8100000,0x00000000d8100000,0x00000000ec200000)
  from space 15360K, 67% used [0x00000000ed100000,0x00000000edb2ad40,0x00000000ee000000)
  to   space 15360K, 0% used [0x00000000ec200000,0x00000000ec200000,0x00000000ed100000)
 ParOldGen       total 72192K, used 20239K [0x0000000088200000, 0x000000008c880000, 0x00000000d8100000)
  object space 72192K, 28% used [0x0000000088200000,0x00000000895c3fc8,0x000000008c880000)
 Metaspace       used 25071K, capacity 25744K, committed 25984K, reserved 1073152K
  class space    used 2900K, capacity 3112K, committed 3200K, reserved 1048576K
}
Event: 12.803 GC heap before
{Heap before GC invocations=10 (full 1):
 PSYoungGen      total 344064K, used 339115K [0x00000000d8100000, 0x00000000f2080000, 0x0000000100000000)
  eden space 328704K, 100% used [0x00000000d8100000,0x00000000ec200000,0x00000000ec200000)
  from space 15360K, 67% used [0x00000000ed100000,0x00000000edb2ad40,0x00000000ee000000)
  to   space 15360K, 0% used [0x00000000ec200000,0x00000000ec200000,0x00000000ed100000)
 ParOldGen       total 72192K, used 20239K [0x0000000088200000, 0x000000008c880000, 0x00000000d8100000)
  object space 72192K, 28% used [0x0000000088200000,0x00000000895c3fc8,0x000000008c880000)
 Metaspace       used 25104K, capacity 25808K, committed 26240K, reserved 1073152K
  class space    used 2901K, capacity 3112K, committed 3200K, reserved 1048576K
Event: 12.836 GC heap after
Heap after GC invocations=10 (full 1):
 PSYoungGen      total 344064K, used 4256K [0x00000000d8100000, 0x00000000f5780000, 0x0000000100000000)
  eden space 328704K, 0% used [0x00000000d8100000,0x00000000d8100000,0x00000000ec200000)
  from space 15360K, 27% used [0x00000000ec200000,0x00000000ec628000,0x00000000ed100000)
  to   space 15872K, 0% used [0x00000000f4800000,0x00000000f4800000,0x00000000f5780000)
 ParOldGen       total 72192K, used 26186K [0x0000000088200000, 0x000000008c880000, 0x00000000d8100000)
  object space 72192K, 36% used [0x0000000088200000,0x0000000089b92850,0x000000008c880000)
 Metaspace       used 25104K, capacity 25808K, committed 26240K, reserved 1073152K
  class space    used 2901K, capacity 3112K, committed 3200K, reserved 1048576K
}
Event: 13.698 GC heap before
{Heap before GC invocations=11 (full 1):
 PSYoungGen      total 344064K, used 332960K [0x00000000d8100000, 0x00000000f5780000, 0x0000000100000000)
  eden space 328704K, 100% used [0x00000000d8100000,0x00000000ec200000,0x00000000ec200000)
  from space 15360K, 27% used [0x00000000ec200000,0x00000000ec628000,0x00000000ed100000)
  to   space 15872K, 0% used [0x00000000f4800000,0x00000000f4800000,0x00000000f5780000)
 ParOldGen       total 72192K, used 26186K [0x0000000088200000, 0x000000008c880000, 0x00000000d8100000)
  object space 72192K, 36% used [0x0000000088200000,0x0000000089b92850,0x000000008c880000)
 Metaspace       used 25196K, capacity 25832K, committed 26240K, reserved 1073152K
  class space    used 2911K, capacity 3116K, committed 3200K, reserved 1048576K
Event: 13.814 GC heap after
Heap after GC invocations=11 (full 1):
 PSYoungGen      total 450560K, used 15840K [0x00000000d8100000, 0x00000000f8800000, 0x0000000100000000)
  eden space 434688K, 0% used [0x00000000d8100000,0x00000000d8100000,0x00000000f2980000)
  from space 15872K, 99% used [0x00000000f4800000,0x00000000f5778020,0x00000000f5780000)
  to   space 31232K, 0% used [0x00000000f2980000,0x00000000f2980000,0x00000000f4800000)
 ParOldGen       total 72192K, used 63171K [0x0000000088200000, 0x000000008c880000, 0x00000000d8100000)
  object space 72192K, 87% used [0x0000000088200000,0x000000008bfb0f60,0x000000008c880000)
 Metaspace       used 25196K, capacity 25832K, committed 26240K, reserved 1073152K
  class space    used 2911K, capacity 3116K, committed 3200K, reserved 1048576K
}
Event: 13.814 GC heap before
{Heap before GC invocations=12 (full 2):
 PSYoungGen      total 450560K, used 15840K [0x00000000d8100000, 0x00000000f8800000, 0x0000000100000000)
  eden space 434688K, 0% used [0x00000000d8100000,0x00000000d8100000,0x00000000f2980000)
  from space 15872K, 99% used [0x00000000f4800000,0x00000000f5778020,0x00000000f5780000)
  to   space 31232K, 0% used [0x00000000f2980000,0x00000000f2980000,0x00000000f4800000)
 ParOldGen       total 72192K, used 63171K [0x0000000088200000, 0x000000008c880000, 0x00000000d8100000)
  object space 72192K, 87% used [0x0000000088200000,0x000000008bfb0f60,0x000000008c880000)
 Metaspace       used 25196K, capacity 25832K, committed 26240K, reserved 1073152K
  class space    used 2911K, capacity 3116K, committed 3200K, reserved 1048576K
Event: 14.265 GC heap after
Heap after GC invocations=12 (full 2):
 PSYoungGen      total 450560K, used 4058K [0x00000000d8100000, 0x00000000f8800000, 0x0000000100000000)
  eden space 434688K, 0% used [0x00000000d8100000,0x00000000d8100000,0x00000000f2980000)
  from space 15872K, 25% used [0x00000000f4800000,0x00000000f4bf6aa0,0x00000000f5780000)
  to   space 31232K, 0% used [0x00000000f2980000,0x00000000f2980000,0x00000000f4800000)
 ParOldGen       total 151552K, used 71820K [0x0000000088200000, 0x0000000091600000, 0x00000000d8100000)
  object space 151552K, 47% used [0x0000000088200000,0x000000008c823308,0x0000000091600000)
 Metaspace       used 25196K, capacity 25832K, committed 26240K, reserved 1073152K
  class space    used 2911K, capacity 3116K, committed 3200K, reserved 1048576K
}
Event: 16.501 GC heap before
{Heap before GC invocations=13 (full 2):
 PSYoungGen      total 450560K, used 438746K [0x00000000d8100000, 0x00000000f8800000, 0x0000000100000000)
  eden space 434688K, 100% used [0x00000000d8100000,0x00000000f2980000,0x00000000f2980000)
  from space 15872K, 25% used [0x00000000f4800000,0x00000000f4bf6aa0,0x00000000f5780000)
  to   space 31232K, 0% used [0x00000000f2980000,0x00000000f2980000,0x00000000f4800000)
 ParOldGen       total 151552K, used 71820K [0x0000000088200000, 0x0000000091600000, 0x00000000d8100000)
  object space 151552K, 47% used [0x0000000088200000,0x000000008c823308,0x0000000091600000)
 Metaspace       used 30306K, capacity 31130K, committed 31488K, reserved 1077248K
  class space    used 3528K, capacity 3789K, committed 3840K, reserved 1048576K

